#
# A fatal error has been detected by the Java Runtime Environment:
#
#  SIGSEGV (0xb) at pc=0x00007fff894c7306, pid=2984, tid=45059
#
# JRE version: 7.0_25-b15
# Java VM: Java HotSpot(TM) 64-Bit Server VM (23.25-b01 mixed mode bsd-amd64 compressed oops)
# Problematic frame:
# C  [libsystem_platform.dylib+0x2306]  longjmp+0x2
#
# Failed to write core dump. Core dumps have been disabled. To enable core dumping, try "ulimit -c unlimited" before starting Java again
#
# If you would like to submit a bug report, please visit:
#   http://bugreport.sun.com/bugreport/crash.jsp
# The crash happened outside the Java Virtual Machine in native code.
# See problematic frame for where to report the bug.
#

---------------  T H R E A D  ---------------

Current thread (0x000000010237a000):  JavaThread "IDL" [_thread_in_native, id=45059, stack(0x00007000018e5000,0x00007000019e5000)]

siginfo:si_signo=SIGSEGV: si_errno=0, si_code=1 (SEGV_MAPERR), si_addr=0x0000000000000050

Registers:
RAX=0x0000000000000001, RBX=0x0000000000000000, RCX=0x0000000000000000, RDX=0x0000000110167c88
RSP=0x00007000019e40a8, RBP=0x00007000019e41c0, RSI=0x0000000000000002, RDI=0x0000000000000000
R8 =0x00000000fffffffc, R9 =0x0000000110167c48, R10=0x00000000ffffffff, R11=0xffffffff00000000
R12=0x0000000115464890, R13=0x00000000000000f0, R14=0x00000001114610b0, R15=0x0000000000000000
RIP=0x00007fff894c7306, EFLAGS=0x0000000000010202, ERR=0x0000000000000004
  TRAPNO=0x000000000000000e

Top of Stack: (sp=0x00007000019e40a8)
0x00007000019e40a8:   0000000000000002 0000000000000000
0x00007000019e40b8:   0000000110e93f57 000000030000002c
0x00007000019e40c8:   0000000000000001 0000000100000000
0x00007000019e40d8:   fffffffffffffffe 0000000000000002
0x00007000019e40e8:   0000000000000000 0000000100000000
0x00007000019e40f8:   0000000200000000 0000000000000000
0x00007000019e4108:   0000002c04d48015 00000001114610d0
0x00007000019e4118:   00000001111230ed 0000000000000000
0x00007000019e4128:   0000000100000001 0000000000000000
0x00007000019e4138:   0100000000000000 fffffffffffffffe
0x00007000019e4148:   0000000000000002 0000000000000000
0x00007000019e4158:   0000000100000000 000000011012f398
0x00007000019e4168:   0000000100000000 0000000100000000
0x00007000019e4178:   0000000000000001 0000000115463610
0x00007000019e4188:   0000000200000002 000000000000002c
0x00007000019e4198:   00000001111230ed 0000000130ec7663
0x00007000019e41a8:   0000000100000001 00000001114610b0
0x00007000019e41b8:   0000000200000000 00007000019e4250
0x00007000019e41c8:   0000000110e95481 0000000000000000
0x00007000019e41d8:   00007000019e43f0 0000000000000000
0x00007000019e41e8:   0000000000000000 00000001114610b0
0x00007000019e41f8:   0000000000000000 00000001114610b0
0x00007000019e4208:   0000000000000000 0000000000000000
0x00007000019e4218:   00007000019e43f0 0000000000000000
0x00007000019e4228:   0000000000000002 ffffff5f00000000
0x00007000019e4238:   0000000000000000 00007000019e43f0
0x00007000019e4248:   000000000000007c 00007000019e4430
0x00007000019e4258:   0000000110e95eaa 0000000100000000
0x00007000019e4268:   00007000019e43f0 0000700000000000
0x00007000019e4278:   0000000000000000 0000000000000000
0x00007000019e4288:   0000000000000000 00007000019e43f0
0x00007000019e4298:   00000000024bb4e8 0000000200000000 

Instructions: (pc=0x00007fff894c7306)
0x00007fff894c72e6:   47 58 48 83 c4 28 e9 43 00 00 00 0f 1f 00 83 7f
0x00007fff894c72f6:   54 00 0f 85 06 00 00 00 e9 2b 00 00 00 90 57 56
0x00007fff894c7306:   ff 77 50 48 c7 c7 03 00 00 00 48 89 e6 48 31 d2
0x00007fff894c7316:   e8 21 42 00 00 48 8b 7c 24 10 8b 7f 58 e8 d1 01 

Register to memory mapping:

RAX=0x0000000000000001 is an unknown value
RBX=0x0000000000000000 is an unknown value
RCX=0x0000000000000000 is an unknown value
RDX=0x0000000110167c88 is an unknown value
RSP=0x00007000019e40a8 is pointing into the stack for thread: 0x000000010237a000
RBP=0x00007000019e41c0 is pointing into the stack for thread: 0x000000010237a000
RSI=0x0000000000000002 is an unknown value
RDI=0x0000000000000000 is an unknown value
R8 =0x00000000fffffffc is an unknown value
R9 =0x0000000110167c48 is an unknown value
R10=0x00000000ffffffff is an unknown value
R11=0xffffffff00000000 is an unknown value
R12=0x0000000115464890 is an unknown value
R13=0x00000000000000f0 is an unknown value
R14=0x00000001114610b0: output_message.default_errstate+0 in /Applications/exelis/idl85/bin/bin.darwin.x86_64/libidl.8.5.dylib at 0x0000000110a7b000
R15=0x0000000000000000 is an unknown value


Stack: [0x00007000018e5000,0x00007000019e5000],  sp=0x00007000019e40a8,  free space=1020k
Native frames: (J=compiled Java code, j=interpreted, Vv=VM code, C=native code)
C  [libsystem_platform.dylib+0x2306]  longjmp+0x2
C  [libidl.8.5.dylib+0x41a481]  output_message+0xb1
C  [libidl.8.5.dylib+0x41aeaa]  IDL_MessageSyscode2+0x1aa
C  [libidl.8.5.dylib+0x2bf2c8]  IDL_Delvar+0xb8
C  [libidl.8.5.dylib+0x2cfe38]  return_user_proc+0x218
C  [libidl.8.5.dylib+0x2d003e]  return_all+0x5e
C  [libidl.8.5.dylib+0x4449e2]  IDL_Executive+0xb02
C  [libidl_ips.8.5.dylib+0x9604]  ips_main+0x284
C  [libidl_ips.8.5.dylib+0xa83c]  IPS_RunClient+0x3c
C  [libidl_ips.8.5.dylib+0x15543]  IPS_Start+0x13
C  [libidl_ips.8.5.dylib+0xb94]  Java_com_rsi_idldt_core_ips_IPS_1Access_IPS_1Start+0x204
j  com.rsi.idldt.core.ips.IPS_Access.IPS_Start([Ljava/lang/String;)V+0
j  com.rsi.idldt.core.ips.IPS_Manager$2.run()V+15
j  java.lang.Thread.run()V+11
v  ~StubRoutines::call_stub
V  [libjvm.dylib+0x28a5c3]
V  [libjvm.dylib+0x28aaa2]
V  [libjvm.dylib+0x28abdc]
V  [libjvm.dylib+0x2c1868]
V  [libjvm.dylib+0x47cbd8]
V  [libjvm.dylib+0x47e0ca]
V  [libjvm.dylib+0x3b95f9]
C  [libsystem_pthread.dylib+0x399d]  _pthread_body+0x83
C  [libsystem_pthread.dylib+0x391a]  _pthread_body+0x0
C  [libsystem_pthread.dylib+0x1351]  thread_start+0xd

Java frames: (J=compiled Java code, j=interpreted, Vv=VM code)
j  com.rsi.idldt.core.ips.IPS_Access.IPS_Start([Ljava/lang/String;)V+0
j  com.rsi.idldt.core.ips.IPS_Manager$2.run()V+15
j  java.lang.Thread.run()V+11
v  ~StubRoutines::call_stub

---------------  P R O C E S S  ---------------

Java Threads: ( => current thread )
  0x00000001198f1800 JavaThread "Worker-8" [_thread_blocked, id=112415, stack(0x00007000019e8000,0x0000700001ae8000)]
  0x00000001193aa800 JavaThread "Thread-26" daemon [_thread_in_native, id=7939, stack(0x0000700000097000,0x0000700000117000)]
  0x00000001190c0800 JavaThread "Worker-7" [_thread_blocked, id=77315, stack(0x0000700002d2d000,0x0000700002e2d000)]
  0x000000011888e000 JavaThread "Worker-6" [_thread_blocked, id=77071, stack(0x0000700002c2a000,0x0000700002d2a000)]
  0x0000000118883000 JavaThread "[ThreadPool Manager] - Idle Thread" daemon [_thread_blocked, id=38711, stack(0x0000700002aa4000,0x0000700002ba4000)]
  0x0000000102599800 JavaThread "Timer-2" daemon [_thread_blocked, id=66063, stack(0x00007000029a1000,0x0000700002aa1000)]
  0x00000001025d8800 JavaThread "Timer-1" daemon [_thread_blocked, id=65035, stack(0x000070000289e000,0x000070000299e000)]
  0x0000000102289800 JavaThread "Thread-11" [_thread_in_native, id=62487, stack(0x000070000279b000,0x000070000289b000)]
  0x0000000104f59000 JavaThread "IDLDT DOM Worker-3" [_thread_blocked, id=61187, stack(0x0000700002698000,0x0000700002798000)]
  0x0000000104f58000 JavaThread "IDLDT DOM Worker-2" [_thread_blocked, id=60931, stack(0x0000700002595000,0x0000700002695000)]
  0x0000000104f57800 JavaThread "IDLDT DOM Worker-1" [_thread_blocked, id=60175, stack(0x0000700002492000,0x0000700002592000)]
  0x0000000104f56000 JavaThread "IDLDT DOM Worker-0" [_thread_blocked, id=60443, stack(0x000070000238f000,0x000070000248f000)]
  0x0000000101446000 JavaThread "Timer-0" daemon [_thread_blocked, id=60771, stack(0x000070000228c000,0x000070000238c000)]
  0x0000000102470800 JavaThread "Worker-5" [_thread_blocked, id=56327, stack(0x0000700002189000,0x0000700002289000)]
  0x000000010143f000 JavaThread "Worker-4" [_thread_blocked, id=56839, stack(0x0000700002086000,0x0000700002186000)]
  0x0000000101517800 JavaThread "Worker-3" [_thread_blocked, id=55959, stack(0x0000700001f83000,0x0000700002083000)]
  0x0000000104bf8000 JavaThread "Worker-1" [_thread_blocked, id=54799, stack(0x0000700001e80000,0x0000700001f80000)]
=>0x000000010237a000 JavaThread "IDL" [_thread_in_native, id=45059, stack(0x00007000018e5000,0x00007000019e5000)]
  0x0000000104cb7800 JavaThread "IDLToJava Broker" daemon [_thread_blocked, id=44803, stack(0x00007000012d3000,0x00007000013d3000)]
  0x0000000104995000 JavaThread "Provisioning Event Dispatcher" daemon [_thread_blocked, id=42243, stack(0x00007000017e2000,0x00007000018e2000)]
  0x00000001021e7800 JavaThread "Bundle File Closer" daemon [_thread_blocked, id=41731, stack(0x00007000015dc000,0x00007000016dc000)]
  0x000000010089f000 JavaThread "Worker-JM" [_thread_blocked, id=41475, stack(0x00007000014d9000,0x00007000015d9000)]
  0x00000001010a5000 JavaThread "[Timer] - Main Queue Handler" daemon [_thread_blocked, id=41219, stack(0x00007000013d6000,0x00007000014d6000)]
  0x0000000102121800 JavaThread "Framework Event Dispatcher" daemon [_thread_blocked, id=40711, stack(0x00007000011d0000,0x00007000012d0000)]
  0x000000010497c000 JavaThread "Start Level Event Dispatcher" daemon [_thread_blocked, id=39939, stack(0x00007000010cd000,0x00007000011cd000)]
  0x0000000104956000 JavaThread "State Data Manager" daemon [_thread_blocked, id=39683, stack(0x0000700000fca000,0x00007000010ca000)]
  0x000000010497f000 JavaThread "Framework Active Thread" [_thread_blocked, id=39439, stack(0x0000700000ec7000,0x0000700000fc7000)]
  0x0000000104851000 JavaThread "Service Thread" daemon [_thread_blocked, id=25347, stack(0x0000700000cc1000,0x0000700000dc1000)]
  0x0000000104850800 JavaThread "C2 CompilerThread1" daemon [_thread_blocked, id=25091, stack(0x0000700000bbe000,0x0000700000cbe000)]
  0x0000000102083800 JavaThread "C2 CompilerThread0" daemon [_thread_blocked, id=24835, stack(0x0000700000abb000,0x0000700000bbb000)]
  0x0000000102037800 JavaThread "Signal Dispatcher" daemon [_thread_blocked, id=24331, stack(0x00007000009b8000,0x0000700000ab8000)]
  0x000000010207f000 JavaThread "Finalizer" daemon [_thread_blocked, id=23811, stack(0x00007000008b5000,0x00007000009b5000)]
  0x0000000102058800 JavaThread "Reference Handler" daemon [_thread_blocked, id=23555, stack(0x00007000007b2000,0x00007000008b2000)]
  0x0000000102051000 JavaThread "main" [_thread_in_native, id=1295, stack(0x00007fff5f400000,0x00007fff5fc00000)]

Other Threads:
  0x0000000104832800 VMThread [stack: 0x00007000006af000,0x00007000007af000] [id=23299]
  0x0000000102083000 WatcherThread [stack: 0x0000700000dc4000,0x0000700000ec4000] [id=25603]

VM state:not at safepoint (normal execution)

VM Mutex/Monitor currently owned by a thread: None

Heap
 PSYoungGen      total 194944K, used 26974K [0x00000007eaab0000, 0x00000007f7710000, 0x0000000800000000)
  eden space 182400K, 14% used [0x00000007eaab0000,0x00000007ec507a68,0x00000007f5cd0000)
  from space 12544K, 0% used [0x00000007f6ad0000,0x00000007f6ad0000,0x00000007f7710000)
  to   space 13440K, 0% used [0x00000007f5cd0000,0x00000007f5cd0000,0x00000007f69f0000)
 ParOldGen       total 87424K, used 44162K [0x00000007c0000000, 0x00000007c5560000, 0x00000007eaab0000)
  object space 87424K, 50% used [0x00000007c0000000,0x00000007c2b20948,0x00000007c5560000)
 PSPermGen       total 68992K, used 48030K [0x00000007bae00000, 0x00000007bf160000, 0x00000007c0000000)
  object space 68992K, 69% used [0x00000007bae00000,0x00000007bdce7bc0,0x00000007bf160000)

Card table byte_map: [0x0000000104599000,0x00000001047c3000] byte_map_base: 0x00000001007c2000

Polling page: 0x0000000100751000

Code Cache  [0x0000000106412000, 0x0000000106a12000, 0x0000000109412000)
 total_blobs=2118 nmethods=1599 adapters=469 free_code_cache=43103Kb largest_free_block=44048064

Compilation events (10 events):
Event: 784.839 Thread 0x0000000104850800 1778             java.util.regex.Pattern$Branch::match (66 bytes)
Event: 784.841 Thread 0x0000000104850800 nmethod 1778 0x0000000106a0aed0 code [0x0000000106a0b020, 0x0000000106a0b1b8]
Event: 802.018 Thread 0x0000000102083800 1781             org.eclipse.ui.internal.util.Util::safeCopy (60 bytes)
Event: 802.030 Thread 0x0000000102083800 nmethod 1781 0x0000000106a0b350 code [0x0000000106a0b5a0, 0x0000000106a0bee8]
Event: 803.095 Thread 0x0000000104850800   56 % !         org.eclipse.jface.text.DefaultPositionUpdater::update @ 65 (148 bytes)
Event: 803.100 Thread 0x0000000104850800 nmethod 56% 0x0000000106a041d0 code [0x0000000106a04340, 0x0000000106a04698]
Event: 803.100 Thread 0x0000000102083800 1782   !         org.eclipse.jface.text.DefaultPositionUpdater::update (148 bytes)
Event: 803.105 Thread 0x0000000102083800 nmethod 1782 0x00000001069f86d0 code [0x00000001069f8840, 0x00000001069f8bd8]
Event: 804.984 Thread 0x0000000104850800 1783             org.eclipse.core.internal.resources.MarkerAttributeMap::put (193 bytes)
Event: 804.993 Thread 0x0000000104850800 nmethod 1783 0x00000001069f7c50 code [0x00000001069f7e00, 0x00000001069f8348]

GC Heap History (10 events):
Event: 653.352 GC heap before
{Heap before GC invocations=39 (full 9):
 PSYoungGen      total 196480K, used 1321K [0x00000007eaab0000, 0x00000007f7a50000, 0x0000000800000000)
  eden space 182400K, 0% used [0x00000007eaab0000,0x00000007eaab0000,0x00000007f5cd0000)
  from space 14080K, 9% used [0x00000007f6c90000,0x00000007f6dda4c8,0x00000007f7a50000)
  to   space 15104K, 0% used [0x00000007f5cd0000,0x00000007f5cd0000,0x00000007f6b90000)
 ParOldGen       total 87424K, used 43854K [0x00000007c0000000, 0x00000007c5560000, 0x00000007eaab0000)
  object space 87424K, 50% used [0x00000007c0000000,0x00000007c2ad3880,0x00000007c5560000)
 PSPermGen       total 79168K, used 47989K [0x00000007bae00000, 0x00000007bfb50000, 0x00000007c0000000)
  object space 79168K, 60% used [0x00000007bae00000,0x00000007bdcdd540,0x00000007bfb50000)
Event: 653.478 GC heap after
Heap after GC invocations=39 (full 9):
 PSYoungGen      total 196480K, used 0K [0x00000007eaab0000, 0x00000007f7a50000, 0x0000000800000000)
  eden space 182400K, 0% used [0x00000007eaab0000,0x00000007eaab0000,0x00000007f5cd0000)
  from space 14080K, 0% used [0x00000007f6c90000,0x00000007f6c90000,0x00000007f7a50000)
  to   space 15104K, 0% used [0x00000007f5cd0000,0x00000007f5cd0000,0x00000007f6b90000)
 ParOldGen       total 87424K, used 44171K [0x00000007c0000000, 0x00000007c5560000, 0x00000007eaab0000)
  object space 87424K, 50% used [0x00000007c0000000,0x00000007c2b22ca0,0x00000007c5560000)
 PSPermGen       total 75456K, used 47988K [0x00000007bae00000, 0x00000007bf7b0000, 0x00000007c0000000)
  object space 75456K, 63% used [0x00000007bae00000,0x00000007bdcdd330,0x00000007bf7b0000)
}
Event: 714.174 GC heap before
{Heap before GC invocations=40 (full 9):
 PSYoungGen      total 196480K, used 106465K [0x00000007eaab0000, 0x00000007f7a50000, 0x0000000800000000)
  eden space 182400K, 58% used [0x00000007eaab0000,0x00000007f12a86c8,0x00000007f5cd0000)
  from space 14080K, 0% used [0x00000007f6c90000,0x00000007f6c90000,0x00000007f7a50000)
  to   space 15104K, 0% used [0x00000007f5cd0000,0x00000007f5cd0000,0x00000007f6b90000)
 ParOldGen       total 87424K, used 44171K [0x00000007c0000000, 0x00000007c5560000, 0x00000007eaab0000)
  object space 87424K, 50% used [0x00000007c0000000,0x00000007c2b22ca0,0x00000007c5560000)
 PSPermGen       total 75456K, used 47999K [0x00000007bae00000, 0x00000007bf7b0000, 0x00000007c0000000)
  object space 75456K, 63% used [0x00000007bae00000,0x00000007bdcdffd8,0x00000007bf7b0000)
Event: 714.177 GC heap after
Heap after GC invocations=40 (full 9):
 PSYoungGen      total 182912K, used 482K [0x00000007eaab0000, 0x00000007f78d0000, 0x0000000800000000)
  eden space 182400K, 0% used [0x00000007eaab0000,0x00000007eaab0000,0x00000007f5cd0000)
  from space 512K, 94% used [0x00000007f5cd0000,0x00000007f5d48818,0x00000007f5d50000)
  to   space 14336K, 0% used [0x00000007f6ad0000,0x00000007f6ad0000,0x00000007f78d0000)
 ParOldGen       total 87424K, used 44171K [0x00000007c0000000, 0x00000007c5560000, 0x00000007eaab0000)
  object space 87424K, 50% used [0x00000007c0000000,0x00000007c2b22ca0,0x00000007c5560000)
 PSPermGen       total 75456K, used 47999K [0x00000007bae00000, 0x00000007bf7b0000, 0x00000007c0000000)
  object space 75456K, 63% used [0x00000007bae00000,0x00000007bdcdffd8,0x00000007bf7b0000)
}
Event: 714.177 GC heap before
{Heap before GC invocations=41 (full 10):
 PSYoungGen      total 182912K, used 482K [0x00000007eaab0000, 0x00000007f78d0000, 0x0000000800000000)
  eden space 182400K, 0% used [0x00000007eaab0000,0x00000007eaab0000,0x00000007f5cd0000)
  from space 512K, 94% used [0x00000007f5cd0000,0x00000007f5d48818,0x00000007f5d50000)
  to   space 14336K, 0% used [0x00000007f6ad0000,0x00000007f6ad0000,0x00000007f78d0000)
 ParOldGen       total 87424K, used 44171K [0x00000007c0000000, 0x00000007c5560000, 0x00000007eaab0000)
  object space 87424K, 50% used [0x00000007c0000000,0x00000007c2b22ca0,0x00000007c5560000)
 PSPermGen       total 75456K, used 47999K [0x00000007bae00000, 0x00000007bf7b0000, 0x00000007c0000000)
  object space 75456K, 63% used [0x00000007bae00000,0x00000007bdcdffd8,0x00000007bf7b0000)
Event: 714.323 GC heap after
Heap after GC invocations=41 (full 10):
 PSYoungGen      total 182912K, used 0K [0x00000007eaab0000, 0x00000007f78d0000, 0x0000000800000000)
  eden space 182400K, 0% used [0x00000007eaab0000,0x00000007eaab0000,0x00000007f5cd0000)
  from space 512K, 0% used [0x00000007f5cd0000,0x00000007f5cd0000,0x00000007f5d50000)
  to   space 14336K, 0% used [0x00000007f6ad0000,0x00000007f6ad0000,0x00000007f78d0000)
 ParOldGen       total 87424K, used 43983K [0x00000007c0000000, 0x00000007c5560000, 0x00000007eaab0000)
  object space 87424K, 50% used [0x00000007c0000000,0x00000007c2af3ef8,0x00000007c5560000)
 PSPermGen       total 72192K, used 47999K [0x00000007bae00000, 0x00000007bf480000, 0x00000007c0000000)
  object space 72192K, 66% used [0x00000007bae00000,0x00000007bdcdff78,0x00000007bf480000)
}
Event: 783.982 GC heap before
{Heap before GC invocations=42 (full 10):
 PSYoungGen      total 182912K, used 119256K [0x00000007eaab0000, 0x00000007f78d0000, 0x0000000800000000)
  eden space 182400K, 65% used [0x00000007eaab0000,0x00000007f1f26060,0x00000007f5cd0000)
  from space 512K, 0% used [0x00000007f5cd0000,0x00000007f5cd0000,0x00000007f5d50000)
  to   space 14336K, 0% used [0x00000007f6ad0000,0x00000007f6ad0000,0x00000007f78d0000)
 ParOldGen       total 87424K, used 43983K [0x00000007c0000000, 0x00000007c5560000, 0x00000007eaab0000)
  object space 87424K, 50% used [0x00000007c0000000,0x00000007c2af3ef8,0x00000007c5560000)
 PSPermGen       total 72192K, used 48018K [0x00000007bae00000, 0x00000007bf480000, 0x00000007c0000000)
  object space 72192K, 66% used [0x00000007bae00000,0x00000007bdce4950,0x00000007bf480000)
Event: 783.987 GC heap after
Heap after GC invocations=42 (full 10):
 PSYoungGen      total 194944K, used 935K [0x00000007eaab0000, 0x00000007f7710000, 0x0000000800000000)
  eden space 182400K, 0% used [0x00000007eaab0000,0x00000007eaab0000,0x00000007f5cd0000)
  from space 12544K, 7% used [0x00000007f6ad0000,0x00000007f6bb9da8,0x00000007f7710000)
  to   space 13440K, 0% used [0x00000007f5cd0000,0x00000007f5cd0000,0x00000007f69f0000)
 ParOldGen       total 87424K, used 43983K [0x00000007c0000000, 0x00000007c5560000, 0x00000007eaab0000)
  object space 87424K, 50% used [0x00000007c0000000,0x00000007c2af3ef8,0x00000007c5560000)
 PSPermGen       total 72192K, used 48018K [0x00000007bae00000, 0x00000007bf480000, 0x00000007c0000000)
  object space 72192K, 66% used [0x00000007bae00000,0x00000007bdce4950,0x00000007bf480000)
}
Event: 783.987 GC heap before
{Heap before GC invocations=43 (full 11):
 PSYoungGen      total 194944K, used 935K [0x00000007eaab0000, 0x00000007f7710000, 0x0000000800000000)
  eden space 182400K, 0% used [0x00000007eaab0000,0x00000007eaab0000,0x00000007f5cd0000)
  from space 12544K, 7% used [0x00000007f6ad0000,0x00000007f6bb9da8,0x00000007f7710000)
  to   space 13440K, 0% used [0x00000007f5cd0000,0x00000007f5cd0000,0x00000007f69f0000)
 ParOldGen       total 87424K, used 43983K [0x00000007c0000000, 0x00000007c5560000, 0x00000007eaab0000)
  object space 87424K, 50% used [0x00000007c0000000,0x00000007c2af3ef8,0x00000007c5560000)
 PSPermGen       total 72192K, used 48018K [0x00000007bae00000, 0x00000007bf480000, 0x00000007c0000000)
  object space 72192K, 66% used [0x00000007bae00000,0x00000007bdce4950,0x00000007bf480000)
Event: 784.120 GC heap after
Heap after GC invocations=43 (full 11):
 PSYoungGen      total 194944K, used 0K [0x00000007eaab0000, 0x00000007f7710000, 0x0000000800000000)
  eden space 182400K, 0% used [0x00000007eaab0000,0x00000007eaab0000,0x00000007f5cd0000)
  from space 12544K, 0% used [0x00000007f6ad0000,0x00000007f6ad0000,0x00000007f7710000)
  to   space 13440K, 0% used [0x00000007f5cd0000,0x00000007f5cd0000,0x00000007f69f0000)
 ParOldGen       total 87424K, used 44162K [0x00000007c0000000, 0x00000007c5560000, 0x00000007eaab0000)
  object space 87424K, 50% used [0x00000007c0000000,0x00000007c2b20948,0x00000007c5560000)
 PSPermGen       total 68992K, used 48018K [0x00000007bae00000, 0x00000007bf160000, 0x00000007c0000000)
  object space 68992K, 69% used [0x00000007bae00000,0x00000007bdce48b0,0x00000007bf160000)
}

Deoptimization events (10 events):
Event: 599.242 Thread 0x0000000102051000 Uncommon trap -34 fr.pc 0x00000001065e5564
Event: 599.242 Thread 0x0000000102051000 Uncommon trap -34 fr.pc 0x00000001065e5564
Event: 599.242 Thread 0x0000000102051000 Uncommon trap -34 fr.pc 0x00000001065e5564
Event: 599.242 Thread 0x0000000102051000 Uncommon trap -34 fr.pc 0x000000010661ad24
Event: 599.244 Thread 0x0000000102051000 Uncommon trap -34 fr.pc 0x000000010661ad24
Event: 599.244 Thread 0x0000000102051000 Uncommon trap -34 fr.pc 0x000000010661ad24
Event: 599.244 Thread 0x0000000102051000 Uncommon trap -34 fr.pc 0x000000010661ad24
Event: 680.823 Thread 0x0000000102051000 Uncommon trap -83 fr.pc 0x00000001068453e4
Event: 682.378 Thread 0x0000000102051000 Uncommon trap -83 fr.pc 0x00000001067c4dd0
Event: 803.239 Thread 0x0000000102051000 Uncommon trap -83 fr.pc 0x00000001067c5054

Internal exceptions (10 events):
Event: 802.018 Thread 0x0000000102051000 Threw 0x00000007eb6e9890 at /HUDSON/workspace/jdk7u25-2-build-macosx-amd64-product/jdk7u25/hotspot/src/share/vm/prims/nativeLookup.
Event: 802.019 Thread 0x0000000102051000 Threw 0x00000007eb6ea530 at /HUDSON/workspace/jdk7u25-2-build-macosx-amd64-product/jdk7u25/hotspot/src/share/vm/prims/nativeLookup.
Event: 802.019 Thread 0x0000000102051000 Threw 0x00000007eb6eacf0 at /HUDSON/workspace/jdk7u25-2-build-macosx-amd64-product/jdk7u25/hotspot/src/share/vm/prims/nativeLookup.
Event: 804.971 Thread 0x0000000102051000 Threw 0x00000007ebed2df0 at /HUDSON/workspace/jdk7u25-2-build-macosx-amd64-product/jdk7u25/hotspot/src/share/vm/prims/nativeLookup.
Event: 804.971 Thread 0x0000000102051000 Threw 0x00000007ebed3990 at /HUDSON/workspace/jdk7u25-2-build-macosx-amd64-product/jdk7u25/hotspot/src/share/vm/prims/nativeLookup.
Event: 804.971 Thread 0x0000000102051000 Threw 0x00000007ebed4050 at /HUDSON/workspace/jdk7u25-2-build-macosx-amd64-product/jdk7u25/hotspot/src/share/vm/prims/nativeLookup.
Event: 804.979 Thread 0x0000000102051000 Threw 0x00000007ebf2e858 at /HUDSON/workspace/jdk7u25-2-build-macosx-amd64-product/jdk7u25/hotspot/src/share/vm/prims/nativeLookup.
Event: 804.979 Thread 0x0000000102051000 Threw 0x00000007ebf412e0 at /HUDSON/workspace/jdk7u25-2-build-macosx-amd64-product/jdk7u25/hotspot/src/share/vm/prims/nativeLookup.
Event: 804.980 Thread 0x0000000102051000 Threw 0x00000007ebf43d40 at /HUDSON/workspace/jdk7u25-2-build-macosx-amd64-product/jdk7u25/hotspot/src/share/vm/prims/nativeLookup.
Event: 805.012 Thread 0x000000010237a000 Threw 0x00000007eadcacc8 at /HUDSON/workspace/jdk7u25-2-build-macosx-amd64-product/jdk7u25/hotspot/src/share/vm/prims/nativeLookup.

Events (10 events):
Event: 805.005 Thread 0x000000011520b000 Thread added: 0x000000011520b000
Event: 805.005 Executing VM operation: BulkRevokeBias
Event: 805.005 Executing VM operation: BulkRevokeBias done
Event: 805.005 Thread 0x000000011520b000 Thread exited: 0x000000011520b000
Event: 805.013 Executing VM operation: RevokeBias
Event: 805.013 Executing VM operation: RevokeBias done
Event: 805.013 Thread 0x000000010277a000 Thread added: 0x000000010277a000
Event: 805.019 Executing VM operation: RevokeBias
Event: 805.019 Executing VM operation: RevokeBias done
Event: 805.019 Thread 0x000000010277a000 Thread exited: 0x000000010277a000


Dynamic libraries:
0x0000000004ed8000 	/System/Library/Frameworks/Cocoa.framework/Versions/A/Cocoa
0x0000000004ed8000 	/usr/lib/libSystem.B.dylib
0x0000000004ed8000 	/System/Library/Frameworks/CoreServices.framework/Versions/A/CoreServices
0x0000000004ed8000 	/usr/lib/libobjc.A.dylib
0x0000000004ed8000 	/System/Library/Frameworks/CoreFoundation.framework/Versions/A/CoreFoundation
0x0000000004ed8000 	/System/Library/Frameworks/AppKit.framework/Versions/C/AppKit
0x0000000004ed8000 	/System/Library/Frameworks/ApplicationServices.framework/Versions/A/ApplicationServices
0x0000000004ed8000 	/System/Library/Frameworks/Foundation.framework/Versions/C/Foundation
0x0000000004ed8000 	/System/Library/Frameworks/CoreData.framework/Versions/A/CoreData
0x0000000004ed8000 	/System/Library/PrivateFrameworks/RemoteViewServices.framework/Versions/A/RemoteViewServices
0x0000000004ed8000 	/System/Library/PrivateFrameworks/UIFoundation.framework/Versions/A/UIFoundation
0x0000000004ed8000 	/usr/lib/libScreenReader.dylib
0x0000000004ed8000 	/System/Library/Frameworks/Accelerate.framework/Versions/A/Accelerate
0x0000000004ed8000 	/System/Library/Frameworks/IOSurface.framework/Versions/A/IOSurface
0x0000000004ed8000 	/System/Library/Frameworks/AudioToolbox.framework/Versions/A/AudioToolbox
0x0000000004ed8000 	/System/Library/Frameworks/AudioUnit.framework/Versions/A/AudioUnit
0x0000000004ed8000 	/System/Library/PrivateFrameworks/DataDetectorsCore.framework/Versions/A/DataDetectorsCore
0x0000000004ed8000 	/System/Library/PrivateFrameworks/DesktopServicesPriv.framework/Versions/A/DesktopServicesPriv
0x0000000004ed8000 	/System/Library/Frameworks/Carbon.framework/Versions/A/Frameworks/HIToolbox.framework/Versions/A/HIToolbox
0x0000000004ed8000 	/System/Library/Frameworks/QuartzCore.framework/Versions/A/QuartzCore
0x0000000004ed8000 	/System/Library/Frameworks/Security.framework/Versions/A/Security
0x0000000004ed8000 	/System/Library/Frameworks/Carbon.framework/Versions/A/Frameworks/SpeechRecognition.framework/Versions/A/SpeechRecognition
0x0000000004ed8000 	/usr/lib/libauto.dylib
0x0000000004ed8000 	/usr/lib/libicucore.A.dylib
0x0000000004ed8000 	/usr/lib/libxml2.2.dylib
0x0000000004ed8000 	/usr/lib/libz.1.dylib
0x0000000004ed8000 	/System/Library/PrivateFrameworks/CoreUI.framework/Versions/A/CoreUI
0x0000000004ed8000 	/System/Library/Frameworks/CoreAudio.framework/Versions/A/CoreAudio
0x0000000004ed8000 	/System/Library/Frameworks/DiskArbitration.framework/Versions/A/DiskArbitration
0x0000000004ed8000 	/usr/lib/liblangid.dylib
0x0000000004ed8000 	/System/Library/PrivateFrameworks/MultitouchSupport.framework/Versions/A/MultitouchSupport
0x0000000004ed8000 	/System/Library/Frameworks/IOKit.framework/Versions/A/IOKit
0x0000000004ed8000 	/usr/lib/libDiagnosticMessagesClient.dylib
0x0000000004ed8000 	/System/Library/PrivateFrameworks/PerformanceAnalysis.framework/Versions/A/PerformanceAnalysis
0x0000000004ed8000 	/System/Library/PrivateFrameworks/GenerationalStorage.framework/Versions/A/GenerationalStorage
0x0000000004ed8000 	/System/Library/Frameworks/OpenGL.framework/Versions/A/OpenGL
0x0000000004ed8000 	/System/Library/PrivateFrameworks/Sharing.framework/Versions/A/Sharing
0x0000000004ed8000 	/System/Library/Frameworks/CoreGraphics.framework/Versions/A/CoreGraphics
0x0000000004ed8000 	/System/Library/Frameworks/CoreImage.framework/Versions/A/CoreImage
0x0000000004ed8000 	/System/Library/Frameworks/CoreText.framework/Versions/A/CoreText
0x0000000004ed8000 	/System/Library/Frameworks/ImageIO.framework/Versions/A/ImageIO
0x0000000004ed8000 	/System/Library/PrivateFrameworks/Backup.framework/Versions/A/Backup
0x0000000004ed8000 	/usr/lib/libextension.dylib
0x0000000004ed8000 	/usr/lib/libarchive.2.dylib
0x0000000004ed8000 	/System/Library/Frameworks/CFNetwork.framework/Versions/A/CFNetwork
0x0000000004ed8000 	/System/Library/Frameworks/SystemConfiguration.framework/Versions/A/SystemConfiguration
0x0000000004ed8000 	/usr/lib/libCRFSuite.dylib
0x0000000004ed8000 	/usr/lib/libc++.1.dylib
0x0000000004ed8000 	/usr/lib/libc++abi.dylib
0x0000000004ed8000 	/usr/lib/system/libcache.dylib
0x0000000004ed8000 	/usr/lib/system/libcommonCrypto.dylib
0x0000000004ed8000 	/usr/lib/system/libcompiler_rt.dylib
0x0000000004ed8000 	/usr/lib/system/libcopyfile.dylib
0x0000000004ed8000 	/usr/lib/system/libcorecrypto.dylib
0x0000000004ed8000 	/usr/lib/system/libdispatch.dylib
0x0000000004ed8000 	/usr/lib/system/libdyld.dylib
0x0000000004ed8000 	/usr/lib/system/libkeymgr.dylib
0x0000000004ed8000 	/usr/lib/system/liblaunch.dylib
0x0000000004ed8000 	/usr/lib/system/libmacho.dylib
0x0000000004ed8000 	/usr/lib/system/libquarantine.dylib
0x0000000004ed8000 	/usr/lib/system/libremovefile.dylib
0x0000000004ed8000 	/usr/lib/system/libsystem_asl.dylib
0x0000000004ed8000 	/usr/lib/system/libsystem_blocks.dylib
0x0000000004ed8000 	/usr/lib/system/libsystem_c.dylib
0x0000000004ed8000 	/usr/lib/system/libsystem_configuration.dylib
0x0000000004ed8000 	/usr/lib/system/libsystem_coreservices.dylib
0x0000000004ed8000 	/usr/lib/system/libsystem_coretls.dylib
0x0000000004ed8000 	/usr/lib/system/libsystem_dnssd.dylib
0x0000000004ed8000 	/usr/lib/system/libsystem_info.dylib
0x0000000004ed8000 	/usr/lib/system/libsystem_kernel.dylib
0x0000000004ed8000 	/usr/lib/system/libsystem_m.dylib
0x0000000004ed8000 	/usr/lib/system/libsystem_malloc.dylib
0x0000000004ed8000 	/usr/lib/system/libsystem_network.dylib
0x0000000004ed8000 	/usr/lib/system/libsystem_networkextension.dylib
0x0000000004ed8000 	/usr/lib/system/libsystem_notify.dylib
0x0000000004ed8000 	/usr/lib/system/libsystem_platform.dylib
0x0000000004ed8000 	/usr/lib/system/libsystem_pthread.dylib
0x0000000004ed8000 	/usr/lib/system/libsystem_sandbox.dylib
0x0000000004ed8000 	/usr/lib/system/libsystem_secinit.dylib
0x0000000004ed8000 	/usr/lib/system/libsystem_trace.dylib
0x0000000004ed8000 	/usr/lib/system/libunc.dylib
0x0000000004ed8000 	/usr/lib/system/libunwind.dylib
0x0000000004ed8000 	/usr/lib/system/libxpc.dylib
0x0000000004ed8000 	/usr/lib/libenergytrace.dylib
0x0000000004ed8000 	/usr/lib/libbsm.0.dylib
0x0000000004ed8000 	/usr/lib/system/libkxld.dylib
0x0000000004ed8000 	/usr/lib/libxar.1.dylib
0x0000000004ed8000 	/usr/lib/libsqlite3.dylib
0x0000000004ed8000 	/usr/lib/libpam.2.dylib
0x0000000004ed8000 	/usr/lib/libOpenScriptingUtil.dylib
0x0000000004ed8000 	/usr/lib/libbz2.1.0.dylib
0x0000000004ed8000 	/usr/lib/liblzma.5.dylib
0x0000000004ed8000 	/System/Library/Frameworks/CoreServices.framework/Versions/A/Frameworks/FSEvents.framework/Versions/A/FSEvents
0x0000000004ed8000 	/System/Library/Frameworks/CoreServices.framework/Versions/A/Frameworks/CarbonCore.framework/Versions/A/CarbonCore
0x0000000004ed8000 	/System/Library/Frameworks/CoreServices.framework/Versions/A/Frameworks/Metadata.framework/Versions/A/Metadata
0x0000000004ed8000 	/System/Library/Frameworks/CoreServices.framework/Versions/A/Frameworks/OSServices.framework/Versions/A/OSServices
0x0000000004ed8000 	/System/Library/Frameworks/CoreServices.framework/Versions/A/Frameworks/SearchKit.framework/Versions/A/SearchKit
0x0000000004ed8000 	/System/Library/Frameworks/CoreServices.framework/Versions/A/Frameworks/AE.framework/Versions/A/AE
0x0000000004ed8000 	/System/Library/Frameworks/CoreServices.framework/Versions/A/Frameworks/LaunchServices.framework/Versions/A/LaunchServices
0x0000000004ed8000 	/System/Library/Frameworks/CoreServices.framework/Versions/A/Frameworks/DictionaryServices.framework/Versions/A/DictionaryServices
0x0000000004ed8000 	/System/Library/Frameworks/CoreServices.framework/Versions/A/Frameworks/SharedFileList.framework/Versions/A/SharedFileList
0x0000000004ed8000 	/System/Library/Frameworks/NetFS.framework/Versions/A/NetFS
0x0000000004ed8000 	/System/Library/PrivateFrameworks/NetAuth.framework/Versions/A/NetAuth
0x0000000004ed8000 	/System/Library/PrivateFrameworks/login.framework/Versions/A/Frameworks/loginsupport.framework/Versions/A/loginsupport
0x0000000004ed8000 	/System/Library/PrivateFrameworks/TCC.framework/Versions/A/TCC
0x0000000004ed8000 	/usr/lib/libmecabra.dylib
0x0000000004ed8000 	/System/Library/Frameworks/ApplicationServices.framework/Versions/A/Frameworks/ATS.framework/Versions/A/ATS
0x0000000004ed8000 	/System/Library/Frameworks/ApplicationServices.framework/Versions/A/Frameworks/ColorSync.framework/Versions/A/ColorSync
0x0000000004ed8000 	/System/Library/Frameworks/ApplicationServices.framework/Versions/A/Frameworks/HIServices.framework/Versions/A/HIServices
0x0000000004ed8000 	/System/Library/Frameworks/ApplicationServices.framework/Versions/A/Frameworks/LangAnalysis.framework/Versions/A/LangAnalysis
0x0000000004ed8000 	/System/Library/Frameworks/ApplicationServices.framework/Versions/A/Frameworks/PrintCore.framework/Versions/A/PrintCore
0x0000000004ed8000 	/System/Library/Frameworks/ApplicationServices.framework/Versions/A/Frameworks/QD.framework/Versions/A/QD
0x0000000004ed8000 	/System/Library/Frameworks/ApplicationServices.framework/Versions/A/Frameworks/SpeechSynthesis.framework/Versions/A/SpeechSynthesis
0x0000000004ed8000 	/System/Library/Frameworks/Metal.framework/Versions/A/Metal
0x0000000004ed8000 	/System/Library/Frameworks/Accelerate.framework/Versions/A/Frameworks/vImage.framework/Versions/A/vImage
0x0000000004ed8000 	/System/Library/Frameworks/Accelerate.framework/Versions/A/Frameworks/vecLib.framework/Versions/A/vecLib
0x0000000004ed8000 	/System/Library/Frameworks/Accelerate.framework/Versions/A/Frameworks/vecLib.framework/Versions/A/libvDSP.dylib
0x0000000004ed8000 	/System/Library/Frameworks/Accelerate.framework/Versions/A/Frameworks/vecLib.framework/Versions/A/libvMisc.dylib
0x0000000004ed8000 	/System/Library/Frameworks/Accelerate.framework/Versions/A/Frameworks/vecLib.framework/Versions/A/libLAPACK.dylib
0x0000000004ed8000 	/System/Library/Frameworks/Accelerate.framework/Versions/A/Frameworks/vecLib.framework/Versions/A/libBLAS.dylib
0x0000000004ed8000 	/System/Library/Frameworks/Accelerate.framework/Versions/A/Frameworks/vecLib.framework/Versions/A/libLinearAlgebra.dylib
0x0000000004ed8000 	/System/Library/Frameworks/Accelerate.framework/Versions/A/Frameworks/vecLib.framework/Versions/A/libSparseBLAS.dylib
0x0000000004ed8000 	/System/Library/PrivateFrameworks/GPUCompiler.framework/libmetal_timestamp.dylib
0x0000000004ed8000 	/System/Library/Frameworks/OpenGL.framework/Versions/A/Libraries/libCoreFSCache.dylib
0x0000000004ed8000 	/System/Library/PrivateFrameworks/IOAccelerator.framework/Versions/A/IOAccelerator
0x0000000004ed8000 	/System/Library/Frameworks/ApplicationServices.framework/Versions/A/Frameworks/ATS.framework/Versions/A/Resources/libFontParser.dylib
0x0000000004ed8000 	/System/Library/Frameworks/ApplicationServices.framework/Versions/A/Frameworks/ATS.framework/Versions/A/Resources/libFontRegistry.dylib
0x0000000004ed8000 	/System/Library/PrivateFrameworks/AppleVPA.framework/Versions/A/AppleVPA
0x0000000004ed8000 	/System/Library/PrivateFrameworks/AppleJPEG.framework/Versions/A/AppleJPEG
0x0000000004ed8000 	/System/Library/Frameworks/ImageIO.framework/Versions/A/Resources/libJPEG.dylib
0x0000000004ed8000 	/System/Library/Frameworks/ImageIO.framework/Versions/A/Resources/libTIFF.dylib
0x0000000004ed8000 	/System/Library/Frameworks/ImageIO.framework/Versions/A/Resources/libPng.dylib
0x0000000004ed8000 	/System/Library/Frameworks/ImageIO.framework/Versions/A/Resources/libGIF.dylib
0x0000000004ed8000 	/System/Library/Frameworks/ImageIO.framework/Versions/A/Resources/libJP2.dylib
0x0000000004ed8000 	/System/Library/Frameworks/ImageIO.framework/Versions/A/Resources/libRadiance.dylib
0x0000000004ed8000 	/System/Library/Frameworks/CoreVideo.framework/Versions/A/CoreVideo
0x0000000004ed8000 	/System/Library/Frameworks/OpenGL.framework/Versions/A/Libraries/libGLU.dylib
0x0000000004ed8000 	/System/Library/Frameworks/OpenGL.framework/Versions/A/Libraries/libGFXShared.dylib
0x0000000004ed8000 	/System/Library/Frameworks/OpenGL.framework/Versions/A/Libraries/libGL.dylib
0x0000000004ed8000 	/System/Library/Frameworks/OpenGL.framework/Versions/A/Libraries/libGLImage.dylib
0x0000000004ed8000 	/System/Library/Frameworks/OpenGL.framework/Versions/A/Libraries/libCVMSPluginSupport.dylib
0x0000000004ed8000 	/System/Library/Frameworks/OpenGL.framework/Versions/A/Libraries/libCoreVMClient.dylib
0x0000000004ed8000 	/usr/lib/libcompression.dylib
0x0000000004ed8000 	/usr/lib/libcups.2.dylib
0x0000000004ed8000 	/System/Library/Frameworks/Kerberos.framework/Versions/A/Kerberos
0x0000000004ed8000 	/System/Library/Frameworks/GSS.framework/Versions/A/GSS
0x0000000004ed8000 	/usr/lib/libresolv.9.dylib
0x0000000004ed8000 	/usr/lib/libiconv.2.dylib
0x0000000004ed8000 	/System/Library/PrivateFrameworks/Heimdal.framework/Versions/A/Heimdal
0x0000000004ed8000 	/usr/lib/libheimdal-asn1.dylib
0x0000000004ed8000 	/System/Library/Frameworks/OpenDirectory.framework/Versions/A/OpenDirectory
0x0000000004ed8000 	/System/Library/PrivateFrameworks/CommonAuth.framework/Versions/A/CommonAuth
0x0000000004ed8000 	/System/Library/Frameworks/OpenDirectory.framework/Versions/A/Frameworks/CFOpenDirectory.framework/Versions/A/CFOpenDirectory
0x0000000004ed8000 	/System/Library/Frameworks/SecurityFoundation.framework/Versions/A/SecurityFoundation
0x0000000004ed8000 	/System/Library/PrivateFrameworks/LanguageModeling.framework/Versions/A/LanguageModeling
0x0000000004ed8000 	/usr/lib/libmarisa.dylib
0x0000000004ed8000 	/usr/lib/libChineseTokenizer.dylib
0x0000000004ed8000 	/usr/lib/libcmph.dylib
0x0000000004ed8000 	/System/Library/Frameworks/ServiceManagement.framework/Versions/A/ServiceManagement
0x0000000004ed8000 	/usr/lib/libxslt.1.dylib
0x0000000004ed8000 	/System/Library/Frameworks/Carbon.framework/Versions/A/Frameworks/Ink.framework/Versions/A/Ink
0x0000000004ed8000 	/usr/lib/libFosl_dynamic.dylib
0x0000000004ed8000 	/System/Library/PrivateFrameworks/FaceCore.framework/Versions/A/FaceCore
0x0000000004ed8000 	/System/Library/Frameworks/OpenCL.framework/Versions/A/OpenCL
0x0000000004ed8000 	/System/Library/PrivateFrameworks/CrashReporterSupport.framework/Versions/A/CrashReporterSupport
0x0000000004ed8000 	/System/Library/PrivateFrameworks/IconServices.framework/Versions/A/IconServices
0x0000000004ed8000 	/System/Library/PrivateFrameworks/Apple80211.framework/Versions/A/Apple80211
0x0000000004ed8000 	/System/Library/Frameworks/CoreWLAN.framework/Versions/A/CoreWLAN
0x0000000004ed8000 	/System/Library/Frameworks/IOBluetooth.framework/Versions/A/IOBluetooth
0x0000000004ed8000 	/System/Library/PrivateFrameworks/CoreWiFi.framework/Versions/A/CoreWiFi
0x0000000004ed8000 	/System/Library/Frameworks/CoreBluetooth.framework/Versions/A/CoreBluetooth
0x0000000004ed8000 	/System/Library/PrivateFrameworks/ChunkingLibrary.framework/Versions/A/ChunkingLibrary
0x0000000004ed8000 	/System/Library/PrivateFrameworks/DebugSymbols.framework/Versions/A/DebugSymbols
0x0000000004ed8000 	/System/Library/PrivateFrameworks/CoreSymbolication.framework/Versions/A/CoreSymbolication
0x0000000004ed8000 	/System/Library/PrivateFrameworks/Symbolication.framework/Versions/A/Symbolication
0x0000000004ed8000 	/System/Library/PrivateFrameworks/SpeechRecognitionCore.framework/Versions/A/SpeechRecognitionCore
0x00000001000b8000 	/Applications/exelis/idl85/idlde/plugins/org.eclipse.equinox.launcher.cocoa.macosx.x86_64_1.1.101.v20120109-1504/eclipse_1408.so
0x0000000004ed8000 	/System/Library/PrivateFrameworks/CoreServicesInternal.framework/Versions/A/CoreServicesInternal
0x0000000105969000 	/Applications/exelis/idl85/idlde/bin.darwin.x86_64/jre/lib/server/libjvm.dylib
0x0000000004ed8000 	/usr/lib/libstdc++.6.dylib
0x0000000100714000 	/Applications/exelis/idl85/idlde/bin.darwin.x86_64/jre/lib/libverify.dylib
0x0000000100721000 	/Applications/exelis/idl85/idlde/bin.darwin.x86_64/jre/lib/libjava.dylib
0x000000010075a000 	/Applications/exelis/idl85/idlde/bin.darwin.x86_64/jre/lib/libzip.dylib
0x00000001047e3000 	/System/Library/Frameworks/JavaVM.framework/Frameworks/JavaRuntimeSupport.framework/JavaRuntimeSupport
0x000000010d240000 	/System/Library/Frameworks/JavaVM.framework/Versions/A/Frameworks/JavaNativeFoundation.framework/Versions/A/JavaNativeFoundation
0x00000001007ec000 	/System/Library/Frameworks/JavaVM.framework/Versions/A/JavaVM
0x0000000004ed8000 	/System/Library/Frameworks/Carbon.framework/Versions/A/Carbon
0x000000010d255000 	/System/Library/PrivateFrameworks/JavaLaunching.framework/Versions/A/JavaLaunching
0x0000000004ed8000 	/System/Library/Frameworks/Carbon.framework/Versions/A/Frameworks/CommonPanels.framework/Versions/A/CommonPanels
0x0000000004ed8000 	/System/Library/Frameworks/Carbon.framework/Versions/A/Frameworks/Help.framework/Versions/A/Help
0x0000000004ed8000 	/System/Library/Frameworks/Carbon.framework/Versions/A/Frameworks/ImageCapture.framework/Versions/A/ImageCapture
0x0000000004ed8000 	/System/Library/Frameworks/Carbon.framework/Versions/A/Frameworks/OpenScripting.framework/Versions/A/OpenScripting
0x0000000004ed8000 	/System/Library/Frameworks/Carbon.framework/Versions/A/Frameworks/Print.framework/Versions/A/Print
0x0000000004ed8000 	/System/Library/Frameworks/Carbon.framework/Versions/A/Frameworks/SecurityHI.framework/Versions/A/SecurityHI
0x0000000004ed8000 	/System/Library/CoreServices/RawCamera.bundle/Contents/MacOS/RawCamera
0x0000000004ed8000 	/System/Library/PrivateFrameworks/FamilyControls.framework/Versions/A/FamilyControls
0x0000000004ed8000 	/System/Library/PrivateFrameworks/CommerceKit.framework/Versions/A/Frameworks/CommerceCore.framework/Versions/A/CommerceCore
0x0000000004ed8000 	/System/Library/PrivateFrameworks/SystemAdministration.framework/Versions/A/SystemAdministration
0x0000000004ed8000 	/System/Library/PrivateFrameworks/AppContainer.framework/Versions/A/AppContainer
0x0000000004ed8000 	/System/Library/PrivateFrameworks/SecCodeWrapper.framework/Versions/A/SecCodeWrapper
0x0000000004ed8000 	/System/Library/Frameworks/DirectoryService.framework/Versions/A/DirectoryService
0x0000000004ed8000 	/System/Library/PrivateFrameworks/DiskImages.framework/Versions/A/DiskImages
0x0000000004ed8000 	/System/Library/PrivateFrameworks/LoginUIKit.framework/Versions/A/Frameworks/LoginUICore.framework/Versions/A/LoginUICore
0x0000000004ed8000 	/usr/lib/libCoreStorage.dylib
0x0000000004ed8000 	/usr/lib/libcsfde.dylib
0x0000000004ed8000 	/usr/lib/libodfde.dylib
0x0000000004ed8000 	/System/Library/Frameworks/DiscRecording.framework/Versions/A/DiscRecording
0x000000010e3a6000 	/Applications/exelis/idl85/bin/bin.darwin.x86_64/libcurl.4.dylib
0x0000000004ed8000 	/System/Library/PrivateFrameworks/MediaKit.framework/Versions/A/MediaKit
0x0000000004ed8000 	/System/Library/PrivateFrameworks/ProtectedCloudStorage.framework/Versions/A/ProtectedCloudStorage
0x0000000004ed8000 	/System/Library/PrivateFrameworks/EFILogin.framework/Versions/A/EFILogin
0x0000000004ed8000 	/usr/lib/libutil.dylib
0x0000000004ed8000 	/System/Library/PrivateFrameworks/FindMyDevice.framework/Versions/A/FindMyDevice
0x0000000004ed8000 	/System/Library/Frameworks/CoreGraphics.framework/Versions/A/Resources/libRIP.A.dylib
0x0000000004ed8000 	/System/Library/Frameworks/Accelerate.framework/Versions/A/Frameworks/vImage.framework/Versions/A/Libraries/libCGInterfaces.dylib
0x0000000004ed8000 	/System/Library/Frameworks/CoreGraphics.framework/Versions/A/Resources/libCGXType.A.dylib
0x0000000004ed8000 	/System/Library/Frameworks/OpenCL.framework/Versions/A/Libraries/libcldcpuengine.dylib
0x000000010f8a7000 	cl_kernels
0x0000000004ed8000 	/System/Library/Frameworks/OpenCL.framework/Versions/A/Libraries/ImageFormats/unorm8_bgra.dylib
0x0000000004ed8000 	/System/Library/Frameworks/OpenCL.framework/Versions/A/Libraries/ImageFormats/unorm8_rgba.dylib
0x000000010fa99000 	/Applications/exelis/idl85/idlde/bin.darwin.x86_64/jre/lib/libnet.dylib
0x000000010faf6000 	/Applications/exelis/idl85/idlde/bin.darwin.x86_64/jre/lib/libnio.dylib
0x000000010f7d4000 	/Users/spencerfaber/.swt/lib/macosx/x86_64/libswt-cocoa-3740.jnilib
0x0000000004ed8000 	/System/Library/Frameworks/WebKit.framework/Versions/A/WebKit
0x0000000004ed8000 	/System/Library/Frameworks/JavaScriptCore.framework/Versions/A/JavaScriptCore
0x0000000004ed8000 	/System/Library/Frameworks/SecurityInterface.framework/Versions/A/SecurityInterface
0x0000000004ed8000 	/System/Library/Frameworks/WebKit.framework/Versions/A/Frameworks/WebKitLegacy.framework/Versions/A/WebKitLegacy
0x0000000004ed8000 	/System/Library/Frameworks/WebKit.framework/Versions/A/Frameworks/WebCore.framework/Versions/A/WebCore
0x000000010f821000 	/Users/spencerfaber/.swt/lib/macosx/x86_64/libswt-pi-cocoa-3740.jnilib
0x000000010fe6f000 	/Applications/exelis/idl85/bin/bin.darwin.x86_64/libidl_ips.8.5.dylib
0x0000000110a7b000 	/Applications/exelis/idl85/bin/bin.darwin.x86_64/libidl.8.5.dylib
0x0000000111608000 	/opt/X11/lib/libfreetype.6.dylib
0x000000010fe33000 	/Applications/exelis/idl85/bin/bin.darwin.x86_64/libMesaGLU6_2.dylib
0x00000001116a2000 	/Applications/exelis/idl85/bin/bin.darwin.x86_64/libMesaGL6_2.dylib
0x000000010fb2e000 	/Applications/exelis/idl85/bin/bin.darwin.x86_64/libOSMesa6_2.dylib
0x000000010fdf9000 	/opt/X11/lib/libXp.6.dylib
0x0000000111b63000 	/Applications/exelis/idl85/bin/bin.darwin.x86_64/libXm.3.0.2.dylib
0x0000000110382000 	/opt/X11/lib/libXpm.4.dylib
0x0000000111f72000 	/opt/X11/lib/libXmu.6.dylib
0x0000000111f8e000 	/opt/X11/lib/libXext.6.dylib
0x000000011078c000 	/opt/X11/lib/libXt.6.dylib
0x000000010f4dd000 	/opt/X11/lib/libXinerama.1.dylib
0x000000010f551000 	/opt/X11/lib/libSM.6.dylib
0x000000010fed9000 	/opt/X11/lib/libICE.6.dylib
0x0000000110942000 	/opt/X11/lib/libX11.6.dylib
0x0000000110200000 	/opt/X11/lib/libxcb.1.dylib
0x000000010f55c000 	/opt/X11/lib/libXau.6.dylib
0x000000010f562000 	/opt/X11/lib/libXdmcp.6.dylib
0x00000001107ed000 	/opt/X11/lib/libXt.7.dylib
0x000000010f6a8000 	/Applications/exelis/idl85/bin/bin.darwin.x86_64/gl_driver.so
0x0000000112520000 	/opt/X11/lib/libGL.1.dylib
0x000000010f511000 	/opt/X11/lib/libXplugin.1.dylib
0x000000010f8a9000 	/opt/X11/lib/libglapi.0.dylib
0x000000010f799000 	/opt/X11/lib/libXdamage.1.dylib
0x000000010f79f000 	/opt/X11/lib/libXfixes.3.dylib
0x000000010f529000 	/opt/X11/lib/libX11-xcb.1.dylib
0x000000010f7a8000 	/opt/X11/lib/libxcb-glx.0.dylib
0x000000010f7c4000 	/opt/X11/lib/libXxf86vm.1.dylib
0x000000010fb05000 	/usr/lib/libexpat.1.dylib
0x0000000004ed8000 	/System/Library/PrivateFrameworks/CloudDocs.framework/Versions/A/CloudDocs
0x0000000004ed8000 	/System/Library/PrivateFrameworks/CoreDuet.framework/Versions/A/CoreDuet
0x0000000004ed8000 	/System/Library/Frameworks/CloudKit.framework/Versions/A/CloudKit
0x0000000004ed8000 	/System/Library/PrivateFrameworks/ProtocolBuffer.framework/Versions/A/ProtocolBuffer
0x0000000004ed8000 	/System/Library/PrivateFrameworks/CoreDuetDaemonProtocol.framework/Versions/A/CoreDuetDaemonProtocol
0x0000000004ed8000 	/System/Library/PrivateFrameworks/CoreDuetDebugLogging.framework/Versions/A/CoreDuetDebugLogging
0x0000000004ed8000 	/System/Library/PrivateFrameworks/MMCS.framework/Versions/A/MMCS
0x0000000004ed8000 	/System/Library/Frameworks/CoreLocation.framework/Versions/A/CoreLocation
0x0000000004ed8000 	/System/Library/PrivateFrameworks/AssetCacheServices.framework/Versions/A/AssetCacheServices
0x0000000004ed8000 	/System/Library/PrivateFrameworks/GeoServices.framework/Versions/A/GeoServices
0x0000000004ed8000 	/System/Library/Frameworks/CoreGraphics.framework/Versions/A/Resources/libCGXCoreImage.A.dylib
0x000000010e7cc000 	cl_kernels
0x0000000112300000 	/System/Library/Extensions/AppleIntelBDWGraphicsMTLDriver.bundle/Contents/MacOS/AppleIntelBDWGraphicsMTLDriver
0x0000000004ed8000 	/System/Library/Frameworks/OpenGL.framework/Versions/A/Resources/GLEngine.bundle/GLEngine
0x0000000004ed8000 	/System/Library/Frameworks/OpenGL.framework/Versions/A/Libraries/libGLProgrammability.dylib
0x0000000116800000 	/System/Library/Extensions/AppleIntelBDWGraphicsGLDriver.bundle/Contents/MacOS/AppleIntelBDWGraphicsGLDriver
0x0000000004ed8000 	/System/Library/PrivateFrameworks/GPUSupport.framework/Versions/A/Libraries/libGPUSupportMercury.dylib
0x0000000004ed8000 	/System/Library/Frameworks/OpenGL.framework/Versions/A/Resources/GLRendererFloat.bundle/GLRendererFloat
0x0000000004ed8000 	/System/Library/PrivateFrameworks/DataDetectors.framework/Versions/A/DataDetectors
0x0000000004ed8000 	/System/Library/Frameworks/AddressBook.framework/Versions/A/AddressBook
0x0000000004ed8000 	/System/Library/Frameworks/Quartz.framework/Versions/A/Quartz
0x0000000004ed8000 	/System/Library/PrivateFrameworks/ContactsPersistence.framework/Versions/A/ContactsPersistence
0x0000000004ed8000 	/System/Library/PrivateFrameworks/ContactsFoundation.framework/Versions/A/ContactsFoundation
0x0000000004ed8000 	/System/Library/PrivateFrameworks/vCard.framework/Versions/A/vCard
0x0000000004ed8000 	/System/Library/PrivateFrameworks/IntlPreferences.framework/Versions/A/IntlPreferences
0x0000000004ed8000 	/System/Library/PrivateFrameworks/ToneLibrary.framework/Versions/A/ToneLibrary
0x0000000004ed8000 	/System/Library/PrivateFrameworks/ToneKit.framework/Versions/A/ToneKit
0x0000000004ed8000 	/System/Library/PrivateFrameworks/ApplePushService.framework/Versions/A/ApplePushService
0x0000000004ed8000 	/System/Library/PrivateFrameworks/PhoneNumbers.framework/Versions/A/PhoneNumbers
0x0000000004ed8000 	/System/Library/PrivateFrameworks/ViewBridge.framework/Versions/A/ViewBridge
0x0000000004ed8000 	/System/Library/Frameworks/LDAP.framework/Versions/A/LDAP
0x0000000004ed8000 	/System/Library/Frameworks/AVFoundation.framework/Versions/A/AVFoundation
0x0000000004ed8000 	/System/Library/Frameworks/AVFoundation.framework/Versions/A/Resources/libAVFAudio.dylib
0x0000000004ed8000 	/System/Library/Frameworks/CoreMedia.framework/Versions/A/CoreMedia
0x0000000004ed8000 	/System/Library/Frameworks/MediaToolbox.framework/Versions/A/MediaToolbox
0x0000000004ed8000 	/System/Library/Frameworks/VideoToolbox.framework/Versions/A/VideoToolbox
0x0000000004ed8000 	/System/Library/Frameworks/CoreMediaIO.framework/Versions/A/CoreMediaIO
0x0000000004ed8000 	/usr/lib/libspindump.dylib
0x0000000004ed8000 	/System/Library/PrivateFrameworks/CoreAVCHD.framework/Versions/A/CoreAVCHD
0x0000000004ed8000 	/System/Library/Frameworks/MediaAccessibility.framework/Versions/A/MediaAccessibility
0x0000000004ed8000 	/System/Library/PrivateFrameworks/Mangrove.framework/Versions/A/Mangrove
0x0000000004ed8000 	/System/Library/PrivateFrameworks/CoreAUC.framework/Versions/A/CoreAUC
0x0000000004ed8000 	/System/Library/PrivateFrameworks/AppleVA.framework/Versions/A/AppleVA
0x0000000004ed8000 	/System/Library/PrivateFrameworks/XPCService.framework/Versions/A/XPCService
0x0000000004ed8000 	/System/Library/PrivateFrameworks/AppSandbox.framework/Versions/A/AppSandbox
0x0000000004ed8000 	/usr/lib/libsandbox.1.dylib
0x0000000004ed8000 	/usr/lib/libMatch.1.dylib
0x0000000004ed8000 	/System/Library/PrivateFrameworks/CoreDaemon.framework/Versions/B/CoreDaemon
0x0000000004ed8000 	/usr/lib/libcrypto.0.9.8.dylib
0x0000000004ed8000 	/System/Library/PrivateFrameworks/AppleSRP.framework/Versions/A/AppleSRP
0x0000000004ed8000 	/System/Library/PrivateFrameworks/TrustEvaluationAgent.framework/Versions/A/TrustEvaluationAgent
0x0000000004ed8000 	/System/Library/Frameworks/Quartz.framework/Versions/A/Frameworks/QuartzComposer.framework/Versions/A/QuartzComposer
0x0000000004ed8000 	/System/Library/Frameworks/Quartz.framework/Versions/A/Frameworks/PDFKit.framework/Versions/A/PDFKit
0x0000000004ed8000 	/System/Library/Frameworks/Quartz.framework/Versions/A/Frameworks/QuartzFilters.framework/Versions/A/QuartzFilters
0x0000000004ed8000 	/System/Library/Frameworks/Quartz.framework/Versions/A/Frameworks/ImageKit.framework/Versions/A/ImageKit
0x0000000004ed8000 	/System/Library/Frameworks/Quartz.framework/Versions/A/Frameworks/QuickLookUI.framework/Versions/A/QuickLookUI
0x0000000004ed8000 	/System/Library/Frameworks/QTKit.framework/Versions/A/QTKit
0x0000000004ed8000 	/System/Library/PrivateFrameworks/AppleSystemInfo.framework/Versions/A/AppleSystemInfo
0x0000000004ed8000 	/System/Library/PrivateFrameworks/CoreMediaAuthoring.framework/Versions/A/CoreMediaAuthoring
0x0000000004ed8000 	/System/Library/PrivateFrameworks/CorePDF.framework/Versions/A/CorePDF
0x0000000004ed8000 	/System/Library/Frameworks/QuickLook.framework/Versions/A/QuickLook
0x0000000004ed8000 	/System/Library/PrivateFrameworks/DisplayServices.framework/Versions/A/DisplayServices
0x0000000004ed8000 	/System/Library/Frameworks/ImageCaptureCore.framework/Versions/A/ImageCaptureCore
0x0000000004ed8000 	/System/Library/PrivateFrameworks/SafariServices.framework/Versions/A/SafariServices
0x0000000004ed8000 	/usr/lib/libsasl2.2.dylib
0x000000010e740000 	cl_kernels
0x0000000004ed8000 	/System/Library/PrivateFrameworks/FinderKit.framework/Versions/A/FinderKit
0x0000000004ed8000 	/System/Library/PrivateFrameworks/Bom.framework/Versions/A/Bom
0x0000000004ed8000 	/System/Library/PrivateFrameworks/Suggestions.framework/Versions/A/Suggestions
0x0000000004ed8000 	/System/Library/PrivateFrameworks/AppleFSCompression.framework/Versions/A/AppleFSCompression
0x0000000004ed8000 	/System/Library/PrivateFrameworks/PlugInKit.framework/Versions/A/PlugInKit
0x000000010e93f000 	/System/Library/Filesystems/NetFSPlugins/smb.bundle/Contents/MacOS/smb
0x0000000004ed8000 	/System/Library/PrivateFrameworks/SMBClient.framework/Versions/A/SMBClient
0x0000000004ed8000 	/System/Library/PrivateFrameworks/DCERPC.framework/Versions/A/DCERPC
0x0000000004ed8000 	/System/Library/PrivateFrameworks/KerberosHelper.framework/Versions/A/KerberosHelper
0x0000000004ed8000 	/System/Library/PrivateFrameworks/CacheDelete.framework/Versions/A/CacheDelete
0x0000000004ed8000 	/System/Library/PrivateFrameworks/iLifeMediaBrowser.framework/Versions/A/iLifeMediaBrowser
0x0000000004ed8000 	/System/Library/Frameworks/AVKit.framework/Versions/A/AVKit
0x00000001102f0000 	/System/Library/Frameworks/Security.framework/PlugIns/csparser.bundle/Contents/MacOS/csparser
0x0000000120d8e000 	/Applications/exelis/idl85/bin/bin.darwin.x86_64/idl_netcdf.so

VM Arguments:
jvm_args: -Dosgi.instance.area.default=@user.home/IDLWorkspace -Dosgi.configuration.area=@user.home/.idl/idlworkbench-config-idl8.5.1_x86_64 -Dosgi.configuration.cascaded=true -Dosgi.checkConfiguration=true -Dosgi.sharedConfiguration.area.readOnly=true -Dorg.eclipse.update.reconcile=false -Declipse.p2.data.area=@config.dir/p2 -XstartOnFirstThread -Xdock:icon=../Resources/idlde.icns -Dorg.eclipse.swt.internal.carbon.smallFonts -Dosgi.sharedConfiguration.area=../../../configuration.darwin.x86_64 -Xms128m -Xmx1024m 
java_command: <unknown>
Launcher Type: generic

Environment Variables:
CLASSPATH=.:/Applications/exelis/idl85/resource/bridges/export/java/javaidlb.jar
PATH=/Applications/exelis/idl85/bin:/Applications/gut-3.1/bin:/Library/Frameworks/Python.framework/Versions/2.7/bin:/usr/local/ncl-6.3.0/bin:/Applications/gut-3.1/bin:/opt/local/bin:/opt/local/sbin:/usr/local/bin:/opt/local/bin:/opt/local/sbin:/opt/local/bin:/opt/local/sbin:/usr/local/bin:/usr/bin:/bin:/usr/sbin:/sbin:/opt/X11/bin:/opt/X11/bin
LD_LIBRARY_PATH=/Applications/exelis/idl85/idlde/bin.darwin.x86_64/jre/lib/server:/Applications/exelis/idl85/idlde/bin.darwin.x86_64/jre/lib:
SHELL=/bin/bash
DISPLAY=:0
DYLD_LIBRARY_PATH=/Applications/exelis/idl85/idlde/bin.darwin.x86_64:/Applications/exelis/idl85/bin/bin.darwin.x86_64
DYLD_FALLBACK_LIBRARY_PATH=/Applications/exelis/idl85/idlde/bin.darwin.x86_64/jre/lib/server:/Applications/exelis/idl85/idlde/bin.darwin.x86_64/jre/lib:

Signal Handlers:
SIGSEGV: [libjvm.dylib+0x4a820f], sa_mask[0]=0xfffefeff, sa_flags=0x00000042
SIGBUS: [libjvm.dylib+0x4a820f], sa_mask[0]=0xfffefeff, sa_flags=0x00000042
SIGFPE: [libjvm.dylib+0x3b7495], sa_mask[0]=0xfffefeff, sa_flags=0x00000042
SIGPIPE: SIG_IGN, sa_mask[0]=0x00000000, sa_flags=0x00000002
SIGXFSZ: [libjvm.dylib+0x3b7495], sa_mask[0]=0xfffefeff, sa_flags=0x00000042
SIGILL: [libjvm.dylib+0x3b7495], sa_mask[0]=0xfffefeff, sa_flags=0x00000042
SIGUSR1: SIG_DFL, sa_mask[0]=0x63807efb, sa_flags=0x00000000
SIGUSR2: [libjvm.dylib+0x3b702e], sa_mask[0]=0x00000000, sa_flags=0x00000042
SIGHUP: [libjvm.dylib+0x3b528f], sa_mask[0]=0xfffefeff, sa_flags=0x00000042
SIGINT: [libidl.8.5.dylib+0x403a20], sa_mask[0]=0x00000000, sa_flags=0x00000002
SIGTERM: [libjvm.dylib+0x3b528f], sa_mask[0]=0xfffefeff, sa_flags=0x00000042
SIGQUIT: [libjvm.dylib+0x3b528f], sa_mask[0]=0xfffefeff, sa_flags=0x00000042


---------------  S Y S T E M  ---------------

OS:Bsduname:Darwin 15.5.0 Darwin Kernel Version 15.5.0: Tue Apr 19 18:36:36 PDT 2016; root:xnu-3248.50.21~8/RELEASE_X86_64 x86_64
rlimit: STACK 8192k, CORE 0k, NPROC 709, NOFILE 10240, AS infinity
load average:1.36 1.34 1.63

CPU:total 4 (2 cores per cpu, 2 threads per core) family 6 model 61 stepping 4, cmov, cx8, fxsr, mmx, sse, sse2, sse3, ssse3, sse4.1, sse4.2, popcnt, avx, avx2, ht, tsc, tscinvbit

Memory: 4k page, physical 137434815280k(34358703820k free)

/proc/meminfo:


vm_info: Java HotSpot(TM) 64-Bit Server VM (23.25-b01) for bsd-amd64 JRE (1.7.0_25-b15), built on Jun  5 2013 22:26:36 by "java_re" with gcc 4.2.1 (Based on Apple Inc. build 5658) (LLVM build 2336.11.00)

time: Mon Aug 15 10:00:08 2016
elapsed time: 805 seconds

